<?xml version="1.0" encoding="UTF-8"?>
<!-- Generated by org.testng.reporters.JUnitReportReporter -->
<testsuite hostname="ASAHI-GH22010s-MacBook-Air.local" failures="0" tests="2" name="Runner.TestRunner" time="52.732" errors="0" timestamp="2024-06-11T17:15:09 JST" skipped="0">
  <testcase classname="Runner.TestRunner" name="runScenario" time="30.920"/>
  <system-out/>
  <testcase classname="Runner.TestRunner" name="runScenario" time="21.812"/>
  <system-out/>
</testsuite> <!-- Runner.TestRunner -->
